[debug] [2026-03-24T11:17:04.308Z] ----------------------------------------------------------------------
[debug] [2026-03-24T11:17:04.311Z] Command:       C:\Program Files\nodejs\node.exe C:\Users\ARAVPALSULE\AppData\Local\npm-cache\_npx\7750544ccf494d8b\node_modules\firebase-tools\lib\bin\firebase.js projects:list
[debug] [2026-03-24T11:17:04.312Z] CLI Version:   15.11.0
[debug] [2026-03-24T11:17:04.312Z] Platform:      win32
[debug] [2026-03-24T11:17:04.312Z] Node Version:  v22.17.0
[debug] [2026-03-24T11:17:04.312Z] Time:          Tue Mar 24 2026 16:47:04 GMT+0530 (India Standard Time)
[debug] [2026-03-24T11:17:04.313Z] ----------------------------------------------------------------------
[debug] 
[debug] [2026-03-24T11:17:04.612Z] > command requires scopes: ["email","openid","https://www.googleapis.com/auth/cloudplatformprojects.readonly","https://www.googleapis.com/auth/firebase","https://www.googleapis.com/auth/cloud-platform"]
[debug] [2026-03-24T11:17:04.613Z] > authorizing via signed-in user (palsulearav934@gmail.com)
[debug] [2026-03-24T11:17:04.619Z] Checked if tokens are valid: false, expires at: 1743705587159
[debug] [2026-03-24T11:17:04.619Z] Checked if tokens are valid: false, expires at: 1743705587159
[debug] [2026-03-24T11:17:04.620Z] > refreshing access token with scopes: []
[debug] [2026-03-24T11:17:04.622Z] >>> [apiv2][query] POST https://www.googleapis.com/oauth2/v3/token [none]
[debug] [2026-03-24T11:17:04.622Z] >>> [apiv2][body] POST https://www.googleapis.com/oauth2/v3/token [omitted]
[debug] [2026-03-24T11:17:04.815Z] <<< [apiv2][status] POST https://www.googleapis.com/oauth2/v3/token 400
[debug] [2026-03-24T11:17:04.815Z] <<< [apiv2][body] POST https://www.googleapis.com/oauth2/v3/token [omitted]
[debug] [2026-03-24T11:17:04.817Z] >>> [apiv2][query] GET https://firebase.googleapis.com/v1beta1/projects pageSize=1000
[debug] [2026-03-24T11:17:05.124Z] <<< [apiv2][status] GET https://firebase.googleapis.com/v1beta1/projects 401
[debug] [2026-03-24T11:17:05.124Z] <<< [apiv2][body] GET https://firebase.googleapis.com/v1beta1/projects [omitted]
[debug] [2026-03-24T11:17:05.124Z] Got a 401 Unauthenticated error for a call that required authentication. Refreshing tokens.
[debug] [2026-03-24T11:17:05.124Z] Checked if tokens are valid: false, expires at: 1743705587159
[debug] [2026-03-24T11:17:05.124Z] Checked if tokens are valid: false, expires at: 1743705587159
[debug] [2026-03-24T11:17:05.124Z] > refreshing access token with scopes: []
[debug] [2026-03-24T11:17:05.126Z] >>> [apiv2][query] POST https://www.googleapis.com/oauth2/v3/token [none]
[debug] [2026-03-24T11:17:05.126Z] >>> [apiv2][body] POST https://www.googleapis.com/oauth2/v3/token [omitted]
[debug] [2026-03-24T11:17:05.491Z] <<< [apiv2][status] POST https://www.googleapis.com/oauth2/v3/token 400
[debug] [2026-03-24T11:17:05.491Z] <<< [apiv2][body] POST https://www.googleapis.com/oauth2/v3/token [omitted]
[debug] [2026-03-24T11:17:05.494Z] Request to https://firebase.googleapis.com/v1beta1/projects?pageSize=1000 had HTTP Error: 401, Request had invalid authentication credentials. Expected OAuth 2 access token, login cookie or other valid authentication credential. See https://developers.google.com/identity/sign-in/web/devconsole-project.
[debug] [2026-03-24T11:17:05.984Z] FirebaseError: Request to https://firebase.googleapis.com/v1beta1/projects?pageSize=1000 had HTTP Error: 401, Request had invalid authentication credentials. Expected OAuth 2 access token, login cookie or other valid authentication credential. See https://developers.google.com/identity/sign-in/web/devconsole-project.
    at responseToError (C:\Users\ARAVPALSULE\AppData\Local\npm-cache\_npx\7750544ccf494d8b\node_modules\firebase-tools\lib\responseToError.js:53:12)
    at RetryOperation._fn (C:\Users\ARAVPALSULE\AppData\Local\npm-cache\_npx\7750544ccf494d8b\node_modules\firebase-tools\lib\apiv2.js:333:77)
    at process.processTicksAndRejections (node:internal/process/task_queues:105:5)
[error] 
[error] Error: Failed to list Firebase projects. See firebase-debug.log for more info.
